Determining if the pthread_create exist failed with the following output:
Change Dir: /home/pkchen/Desktop/Sensor_Fusion_Tutorial/Udacity_Lidar_Obstacle_Detection/src/quiz/cluster/build/CMakeFiles/CMakeTmp

Run Build Command:"/usr/bin/make" "cmTC_59dbe/fast"
/usr/bin/make -f CMakeFiles/cmTC_59dbe.dir/build.make CMakeFiles/cmTC_59dbe.dir/build
make[1]: Entering directory '/home/pkchen/Desktop/Sensor_Fusion_Tutorial/Udacity_Lidar_Obstacle_Detection/src/quiz/cluster/build/CMakeFiles/CMakeTmp'
Building C object CMakeFiles/cmTC_59dbe.dir/CheckSymbolExists.c.o
/usr/bin/cc    -o CMakeFiles/cmTC_59dbe.dir/CheckSymbolExists.c.o   -c /home/pkchen/Desktop/Sensor_Fusion_Tutorial/Udacity_Lidar_Obstacle_Detection/src/quiz/cluster/build/CMakeFiles/CMakeTmp/CheckSymbolExists.c
Linking C executable cmTC_59dbe
/usr/bin/cmake -E cmake_link_script CMakeFiles/cmTC_59dbe.dir/link.txt --verbose=1
/usr/bin/cc      -rdynamic CMakeFiles/cmTC_59dbe.dir/CheckSymbolExists.c.o  -o cmTC_59dbe 
CMakeFiles/cmTC_59dbe.dir/CheckSymbolExists.c.o: In function `main':
CheckSymbolExists.c:(.text+0x1b): undefined reference to `pthread_create'
collect2: error: ld returned 1 exit status
CMakeFiles/cmTC_59dbe.dir/build.make:97: recipe for target 'cmTC_59dbe' failed
make[1]: *** [cmTC_59dbe] Error 1
make[1]: Leaving directory '/home/pkchen/Desktop/Sensor_Fusion_Tutorial/Udacity_Lidar_Obstacle_Detection/src/quiz/cluster/build/CMakeFiles/CMakeTmp'
Makefile:126: recipe for target 'cmTC_59dbe/fast' failed
make: *** [cmTC_59dbe/fast] Error 2

File /home/pkchen/Desktop/Sensor_Fusion_Tutorial/Udacity_Lidar_Obstacle_Detection/src/quiz/cluster/build/CMakeFiles/CMakeTmp/CheckSymbolExists.c:
/* */
#include <pthread.h>

int main(int argc, char** argv)
{
  (void)argv;
#ifndef pthread_create
  return ((int*)(&pthread_create))[argc];
#else
  (void)argc;
  return 0;
#endif
}

Determining if the function pthread_create exists in the pthreads failed with the following output:
Change Dir: /home/pkchen/Desktop/Sensor_Fusion_Tutorial/Udacity_Lidar_Obstacle_Detection/src/quiz/cluster/build/CMakeFiles/CMakeTmp

Run Build Command:"/usr/bin/make" "cmTC_5620e/fast"
/usr/bin/make -f CMakeFiles/cmTC_5620e.dir/build.make CMakeFiles/cmTC_5620e.dir/build
make[1]: Entering directory '/home/pkchen/Desktop/Sensor_Fusion_Tutorial/Udacity_Lidar_Obstacle_Detection/src/quiz/cluster/build/CMakeFiles/CMakeTmp'
Building C object CMakeFiles/cmTC_5620e.dir/CheckFunctionExists.c.o
/usr/bin/cc   -DCHECK_FUNCTION_EXISTS=pthread_create   -o CMakeFiles/cmTC_5620e.dir/CheckFunctionExists.c.o   -c /usr/share/cmake-3.10/Modules/CheckFunctionExists.c
Linking C executable cmTC_5620e
/usr/bin/cmake -E cmake_link_script CMakeFiles/cmTC_5620e.dir/link.txt --verbose=1
/usr/bin/cc  -DCHECK_FUNCTION_EXISTS=pthread_create    -rdynamic CMakeFiles/cmTC_5620e.dir/CheckFunctionExists.c.o  -o cmTC_5620e -lpthreads 
/usr/bin/ld: cannot find -lpthreads
collect2: error: ld returned 1 exit status
CMakeFiles/cmTC_5620e.dir/build.make:97: recipe for target 'cmTC_5620e' failed
make[1]: *** [cmTC_5620e] Error 1
make[1]: Leaving directory '/home/pkchen/Desktop/Sensor_Fusion_Tutorial/Udacity_Lidar_Obstacle_Detection/src/quiz/cluster/build/CMakeFiles/CMakeTmp'
Makefile:126: recipe for target 'cmTC_5620e/fast' failed
make: *** [cmTC_5620e/fast] Error 2


